[http-nio-6000-exec-3] INFO  it.sella.f24.controller.F24Controller  - Image path:  /home/bsindia/Documents/images/20181023_181946.jpg
[http-nio-6000-exec-3] INFO  it.sella.f24.service.F24OCRService  - MOTIVO DEL PAGAMENTO              EL 3944 H 5 3 3 0303 2018 43*00 ER 3918 D600 0202 2018 43*00    II II III 8 SALDO FINALE EURO 86*00
[http-nio-6000-exec-3] INFO  it.sella.f24.service.F24OCRService  - Section2 Result data:

[http-nio-6000-exec-3] INFO  it.sella.f24.service.F24OCRService  - Seizone:	EL;ER;

[http-nio-6000-exec-3] INFO  it.sella.f24.service.F24OCRService  - tributo:	3944;3918;

[http-nio-6000-exec-3] INFO  it.sella.f24.service.F24OCRService  - Codice:	D600;

[http-nio-6000-exec-3] INFO  it.sella.f24.service.F24OCRService  - Mese:	0303;0202;

[http-nio-6000-exec-3] INFO  it.sella.f24.service.F24OCRService  - Anno:	2018;2018;

[http-nio-6000-exec-3] INFO  it.sella.f24.service.F24OCRService  - Dobito:	43.00;43.00;

[http-nio-6000-exec-3] INFO  it.sella.f24.service.F24OCRService  - Euro:	86.00

[http-nio-6000-exec-3] INFO  it.sella.f24.service.F24OCRService  - Section1 Result data:

[http-nio-6000-exec-3] INFO  it.sella.f24.service.F24OCRService  - CodiceFiscale:	BRBLRS47R30E512B

[http-nio-6000-exec-3] INFO  it.sella.f24.service.F24OCRService  - Cognome:	BARBIERI

[http-nio-6000-exec-3] INFO  it.sella.f24.service.F24OCRService  - Nome:	LORIS

[http-nio-6000-exec-3] INFO  it.sella.f24.service.F24OCRService  - DataDiNascita:	1947-10-30

[http-nio-6000-exec-3] INFO  it.sella.f24.service.F24OCRService  - Sesso:	F

[http-nio-6000-exec-3] INFO  it.sella.f24.service.F24OCRService  - Comune:	LEGNAGO

[http-nio-6000-exec-3] INFO  it.sella.f24.service.F24OCRService  - Prov:	VR

[http-nio-6000-exec-3] INFO  it.sella.f24.controller.F24Controller  - Image path:  /home/bsindia/Documents/images/20181023_182340.jpg
[http-nio-6000-exec-3] INFO  it.sella.f24.service.F24OCRService  - OTVO DERRADAMENTO      X X EL 3918 600 3918 0600    O IDENTIFICATIVO OPERAZIONE     2018 2018 01 / 01 01 / 01         243*00 243*00 FL ZUCCHETT X X X IIIIIII 1 CONFORME    EURO 243*00  QO5543716000 BTREMI DEL VERSAMENTO RAPTOP MOLLUSTRADENOHIPOTON COOKCE BANCA POSTE AGENTE DELLA RISCOSSIONE DATA       AZIENDA ADSPORTELLO      /    ABI   2013 CAS
[http-nio-6000-exec-3] INFO  it.sella.f24.service.F24OCRService  - Section2 Result data:

[http-nio-6000-exec-3] INFO  it.sella.f24.service.F24OCRService  - Seizone:	EL;

[http-nio-6000-exec-3] INFO  it.sella.f24.service.F24OCRService  - tributo:	3918;3918;

[http-nio-6000-exec-3] INFO  it.sella.f24.service.F24OCRService  - Codice:	0600;

[http-nio-6000-exec-3] INFO  it.sella.f24.service.F24OCRService  - Mese:	01;

[http-nio-6000-exec-3] INFO  it.sella.f24.service.F24OCRService  - Anno:	2018;

[http-nio-6000-exec-3] INFO  it.sella.f24.service.F24OCRService  - Dobito:	2018;243.00;243.00;

[http-nio-6000-exec-3] INFO  it.sella.f24.service.F24OCRService  - Euro:	243.00

[http-nio-6000-exec-3] INFO  it.sella.f24.service.F24OCRService  - Section1 Result data:

[http-nio-6000-exec-3] INFO  it.sella.f24.service.F24OCRService  - CodiceFiscale:	GRZLRT23H06A859W

[http-nio-6000-exec-3] INFO  it.sella.f24.service.F24OCRService  - Cognome:	GARIAZZO

[http-nio-6000-exec-3] INFO  it.sella.f24.service.F24OCRService  - Nome:	ALBERTO

[http-nio-6000-exec-3] INFO  it.sella.f24.service.F24OCRService  - DataDiNascita:	61522-12-06

[http-nio-6000-exec-3] INFO  it.sella.f24.service.F24OCRService  - Sesso:	

[http-nio-6000-exec-3] INFO  it.sella.f24.service.F24OCRService  - Comune:	

[http-nio-6000-exec-3] INFO  it.sella.f24.service.F24OCRService  - Prov:	BIELLA

[http-nio-6000-exec-3] INFO  it.sella.f24.controller.F24Controller  - Image path:  /home/bsindia/Documents/images/20181023_182602.jpg
[http-nio-6000-exec-3] INFO  it.sella.f24.service.F24OCRService  - MOTIVO DEL PAGAMENTO             EL 3944 H 5 3 3 0303 2018 43*00 ER 3918 D 60 0 0202 2018 43*00 VR F        SALDO FINALE EURO ) 86*00
[http-nio-6000-exec-3] INFO  it.sella.f24.service.F24OCRService  - Section2 Result data:

[http-nio-6000-exec-3] INFO  it.sella.f24.service.F24OCRService  - Seizone:	EL;ER;

[http-nio-6000-exec-3] INFO  it.sella.f24.service.F24OCRService  - tributo:	3944;3918;

[http-nio-6000-exec-3] INFO  it.sella.f24.service.F24OCRService  - Codice:	D600;

[http-nio-6000-exec-3] INFO  it.sella.f24.service.F24OCRService  - Mese:	0303;0202;

[http-nio-6000-exec-3] INFO  it.sella.f24.service.F24OCRService  - Anno:	2018;2018;

[http-nio-6000-exec-3] INFO  it.sella.f24.service.F24OCRService  - Dobito:	43.00;43.00;

[http-nio-6000-exec-3] INFO  it.sella.f24.service.F24OCRService  - Euro:	86.00

[http-nio-6000-exec-3] INFO  it.sella.f24.service.F24OCRService  - Section1 Result data:

[http-nio-6000-exec-3] INFO  it.sella.f24.service.F24OCRService  - CodiceFiscale:	BRBLRS47R30E512B

[http-nio-6000-exec-3] INFO  it.sella.f24.service.F24OCRService  - Cognome:	BARBIERI

[http-nio-6000-exec-3] INFO  it.sella.f24.service.F24OCRService  - Nome:	LORIS

[http-nio-6000-exec-3] INFO  it.sella.f24.service.F24OCRService  - DataDiNascita:	1947-10-30

[http-nio-6000-exec-3] INFO  it.sella.f24.service.F24OCRService  - Sesso:	F

[http-nio-6000-exec-3] INFO  it.sella.f24.service.F24OCRService  - Comune:	LEGNAGO

[http-nio-6000-exec-3] INFO  it.sella.f24.service.F24OCRService  - Prov:	

[http-nio-6000-exec-3] INFO  it.sella.f24.controller.F24Controller  - Image path:  /home/bsindia/Documents/images/20181023_182810.jpg
[http-nio-6000-exec-3] INFO  it.sella.f24.service.F24OCRService  - KOTIVO DEL PAGAMENTO         EL  3944 H 5 3 3 0303 2018 43*00 ER 3918 D6 0 0 0202 2018 43*00   2 0 SARE EUROI 86*00
[http-nio-6000-exec-3] INFO  it.sella.f24.service.F24OCRService  - Section2 Result data:

[http-nio-6000-exec-3] INFO  it.sella.f24.service.F24OCRService  - Seizone:	EL;ER;

[http-nio-6000-exec-3] INFO  it.sella.f24.service.F24OCRService  - tributo:	3944;3918;

[http-nio-6000-exec-3] INFO  it.sella.f24.service.F24OCRService  - Codice:	

[http-nio-6000-exec-3] INFO  it.sella.f24.service.F24OCRService  - Mese:	0303;0202;

[http-nio-6000-exec-3] INFO  it.sella.f24.service.F24OCRService  - Anno:	2018;2018;

[http-nio-6000-exec-3] INFO  it.sella.f24.service.F24OCRService  - Dobito:	43.00;43.00;

[http-nio-6000-exec-3] INFO  it.sella.f24.service.F24OCRService  - Euro:	86.00

[http-nio-6000-exec-3] INFO  it.sella.f24.service.F24OCRService  - Section1 Result data:

[http-nio-6000-exec-3] INFO  it.sella.f24.service.F24OCRService  - CodiceFiscale:	BRBLRS47R30E512B

[http-nio-6000-exec-3] INFO  it.sella.f24.service.F24OCRService  - Cognome:	BARBIERI

[http-nio-6000-exec-3] INFO  it.sella.f24.service.F24OCRService  - Nome:	LORIS

[http-nio-6000-exec-3] INFO  it.sella.f24.service.F24OCRService  - DataDiNascita:	1947-10-30

[http-nio-6000-exec-3] INFO  it.sella.f24.service.F24OCRService  - Sesso:	F

[http-nio-6000-exec-3] INFO  it.sella.f24.service.F24OCRService  - Comune:	LEGNAGO

[http-nio-6000-exec-3] INFO  it.sella.f24.service.F24OCRService  - Prov:	VR

[http-nio-6000-exec-3] INFO  it.sella.f24.controller.F24Controller  - Image path:  /home/bsindia/Documents/images/20181023_183359.jpg
[http-nio-6000-exec-3] INFO  it.sella.f24.service.F24OCRService  - MOTIVO DEL PAGAMENTO      W         EL 3944 H 3 3 3 0303 2018 43*00 ER 3918 D 600 2 0202 2018 43*00  TASTE      LEEF SALDO FINALE EURO + 86*00
[http-nio-6000-exec-3] INFO  it.sella.f24.service.F24OCRService  - Section2 Result data:

[http-nio-6000-exec-3] INFO  it.sella.f24.service.F24OCRService  - Seizone:	EL;ER;

[http-nio-6000-exec-3] INFO  it.sella.f24.service.F24OCRService  - tributo:	3944;3918;

[http-nio-6000-exec-3] INFO  it.sella.f24.service.F24OCRService  - Codice:	D600;

[http-nio-6000-exec-3] INFO  it.sella.f24.service.F24OCRService  - Mese:	0303;0202;

[http-nio-6000-exec-3] INFO  it.sella.f24.service.F24OCRService  - Anno:	2018;2018;

[http-nio-6000-exec-3] INFO  it.sella.f24.service.F24OCRService  - Dobito:	43.00;43.00;

[http-nio-6000-exec-3] INFO  it.sella.f24.service.F24OCRService  - Euro:	86.00

[http-nio-6000-exec-3] INFO  it.sella.f24.service.F24OCRService  - Section1 Result data:

[http-nio-6000-exec-3] INFO  it.sella.f24.service.F24OCRService  - CodiceFiscale:	BRBLRS47R30E512B

[http-nio-6000-exec-3] INFO  it.sella.f24.service.F24OCRService  - Cognome:	BARBIERI

[http-nio-6000-exec-3] INFO  it.sella.f24.service.F24OCRService  - Nome:	LORIS

[http-nio-6000-exec-3] INFO  it.sella.f24.service.F24OCRService  - DataDiNascita:	1947-10-30

[http-nio-6000-exec-3] INFO  it.sella.f24.service.F24OCRService  - Sesso:	F

[http-nio-6000-exec-3] INFO  it.sella.f24.service.F24OCRService  - Comune:	LEGNAGO

[http-nio-6000-exec-3] INFO  it.sella.f24.service.F24OCRService  - Prov:	VR

[http-nio-6000-exec-3] INFO  it.sella.f24.controller.F24Controller  - Image path:  /home/bsindia/Documents/images/20181023_183705.jpg
[http-nio-6000-exec-3] INFO  it.sella.f24.service.F24OCRService  - MOTIVO DEL PAGAMENTO                     EL 3944 H 5 3 3 1 0303 2018 43*00 ER 3918 D600 2 0202 2018 43*00 *   III FINRO EURO - 1 86*00
[http-nio-6000-exec-3] INFO  it.sella.f24.service.F24OCRService  - Section2 Result data:

[http-nio-6000-exec-3] INFO  it.sella.f24.service.F24OCRService  - Seizone:	EL;ER;

[http-nio-6000-exec-3] INFO  it.sella.f24.service.F24OCRService  - tributo:	3944;3918;

[http-nio-6000-exec-3] INFO  it.sella.f24.service.F24OCRService  - Codice:	H533;D600;

[http-nio-6000-exec-3] INFO  it.sella.f24.service.F24OCRService  - Mese:	0303;0202;

[http-nio-6000-exec-3] INFO  it.sella.f24.service.F24OCRService  - Anno:	2018;2018;

[http-nio-6000-exec-3] INFO  it.sella.f24.service.F24OCRService  - Dobito:	43.00;43.00;

[http-nio-6000-exec-3] INFO  it.sella.f24.service.F24OCRService  - Euro:	186.00

[http-nio-6000-exec-3] INFO  it.sella.f24.service.F24OCRService  - Section1 Result data:

[http-nio-6000-exec-3] INFO  it.sella.f24.service.F24OCRService  - CodiceFiscale:	BRBLRS47R30E512B

[http-nio-6000-exec-3] INFO  it.sella.f24.service.F24OCRService  - Cognome:	BARBIERI

[http-nio-6000-exec-3] INFO  it.sella.f24.service.F24OCRService  - Nome:	LORIS

[http-nio-6000-exec-3] INFO  it.sella.f24.service.F24OCRService  - DataDiNascita:	1947-10-30

[http-nio-6000-exec-3] INFO  it.sella.f24.service.F24OCRService  - Sesso:	F

[http-nio-6000-exec-3] INFO  it.sella.f24.service.F24OCRService  - Comune:	LEGNAGO

[http-nio-6000-exec-3] INFO  it.sella.f24.service.F24OCRService  - Prov:	VR

[http-nio-6000-exec-3] INFO  it.sella.f24.controller.F24Controller  - Image path:  /home/bsindia/Documents/images/20181023_183946.jpg
[http-nio-6000-exec-3] INFO  it.sella.f24.service.F24OCRService  - MOTIVO DEL PAGAMENTO              EL  3918 D6 0 0 1 0101 2018 243*00 ER  3918 D600 0101 2018 243*00 *      R I SOGGETTO CHE EFFETTUA E VERSAMENTO LLLLLLLL IIIIIIII T SALDO FINALE EURO 1 486*00 ESTREMI DEL VERSAMENTO DA COMPILARE A CURA DI BANCA / POSTE / AGENTE DELLA   - 1   /  DATA  /   /
[http-nio-6000-exec-3] INFO  it.sella.f24.service.F24OCRService  - Section2 Result data:

[http-nio-6000-exec-3] INFO  it.sella.f24.service.F24OCRService  - Seizone:	EL;ER;

[http-nio-6000-exec-3] INFO  it.sella.f24.service.F24OCRService  - tributo:	3918;3918;

[http-nio-6000-exec-3] INFO  it.sella.f24.service.F24OCRService  - Codice:	D600;D600;

[http-nio-6000-exec-3] INFO  it.sella.f24.service.F24OCRService  - Mese:	0101;0101;

[http-nio-6000-exec-3] INFO  it.sella.f24.service.F24OCRService  - Anno:	2018;2018;

[http-nio-6000-exec-3] INFO  it.sella.f24.service.F24OCRService  - Dobito:	243.00;243.00;

[http-nio-6000-exec-3] INFO  it.sella.f24.service.F24OCRService  - Euro:	1486.00

[http-nio-6000-exec-3] INFO  it.sella.f24.service.F24OCRService  - Section1 Result data:

[http-nio-6000-exec-3] INFO  it.sella.f24.service.F24OCRService  - CodiceFiscale:	GRZLRT23H06A859W

[http-nio-6000-exec-3] INFO  it.sella.f24.service.F24OCRService  - Cognome:	GARIAZZO

[http-nio-6000-exec-3] INFO  it.sella.f24.service.F24OCRService  - Nome:	ALBERTO

[http-nio-6000-exec-3] INFO  it.sella.f24.service.F24OCRService  - DataDiNascita:	1923-06-06

[http-nio-6000-exec-3] INFO  it.sella.f24.service.F24OCRService  - Sesso:	M

[http-nio-6000-exec-3] INFO  it.sella.f24.service.F24OCRService  - Comune:	BIELLA

[http-nio-6000-exec-3] INFO  it.sella.f24.service.F24OCRService  - Prov:	BI

[http-nio-6000-exec-3] INFO  it.sella.f24.controller.F24Controller  - Image path:  /home/bsindia/Documents/images/20181023_184640.jpg
[http-nio-6000-exec-3] INFO  it.sella.f24.service.F24OCRService  - MOTIVO DEL PAGAMENTO     EL 3944 H 5 3 3 0303 2018 ER  3918 D 600 0202 2018 VR          43*00 43*00 IIIIII SD FINALE EURO 1 86*00
[http-nio-6000-exec-3] INFO  it.sella.f24.service.F24OCRService  - Section2 Result data:

[http-nio-6000-exec-3] INFO  it.sella.f24.service.F24OCRService  - Seizone:	EL;ER;

[http-nio-6000-exec-3] INFO  it.sella.f24.service.F24OCRService  - tributo:	3944;3918;

[http-nio-6000-exec-3] INFO  it.sella.f24.service.F24OCRService  - Codice:	D600;

[http-nio-6000-exec-3] INFO  it.sella.f24.service.F24OCRService  - Mese:	0303;0202;

[http-nio-6000-exec-3] INFO  it.sella.f24.service.F24OCRService  - Anno:	2018;2018;

[http-nio-6000-exec-3] INFO  it.sella.f24.service.F24OCRService  - Dobito:	43.00;43.00;

[http-nio-6000-exec-3] INFO  it.sella.f24.service.F24OCRService  - Euro:	186.00

[http-nio-6000-exec-3] INFO  it.sella.f24.service.F24OCRService  - Section1 Result data:

[http-nio-6000-exec-3] INFO  it.sella.f24.service.F24OCRService  - CodiceFiscale:	BRBLRS47R30E512B

[http-nio-6000-exec-3] INFO  it.sella.f24.service.F24OCRService  - Cognome:	BARBIERI

[http-nio-6000-exec-3] INFO  it.sella.f24.service.F24OCRService  - Nome:	LORIS

[http-nio-6000-exec-3] INFO  it.sella.f24.service.F24OCRService  - DataDiNascita:	1947-10-30

[http-nio-6000-exec-3] INFO  it.sella.f24.service.F24OCRService  - Sesso:	F

[http-nio-6000-exec-3] INFO  it.sella.f24.service.F24OCRService  - Comune:	LEGNAGO

[http-nio-6000-exec-3] INFO  it.sella.f24.service.F24OCRService  - Prov:	

[http-nio-6000-exec-3] INFO  it.sella.f24.controller.F24Controller  - Image path:  /home/bsindia/Documents/images/20181023_190055.jpg
[http-nio-6000-exec-3] INFO  it.sella.f24.service.F24OCRService  - MOTIVO DEL PAGAMENTO       EL  3944 H 3 3 3 0303 2018 43*00 ER  3918 D600 0202 2018 43*00 VR  EURO S FINALE 86*00
[http-nio-6000-exec-3] INFO  it.sella.f24.service.F24OCRService  - Section2 Result data:

[http-nio-6000-exec-3] INFO  it.sella.f24.service.F24OCRService  - Seizone:	EL;ER;

[http-nio-6000-exec-3] INFO  it.sella.f24.service.F24OCRService  - tributo:	3944;3918;

[http-nio-6000-exec-3] INFO  it.sella.f24.service.F24OCRService  - Codice:	D600;

[http-nio-6000-exec-3] INFO  it.sella.f24.service.F24OCRService  - Mese:	0303;0202;

[http-nio-6000-exec-3] INFO  it.sella.f24.service.F24OCRService  - Anno:	2018;2018;

[http-nio-6000-exec-3] INFO  it.sella.f24.service.F24OCRService  - Dobito:	43.00;43.00;

[http-nio-6000-exec-3] INFO  it.sella.f24.service.F24OCRService  - Euro:	86.00

[http-nio-6000-exec-3] INFO  it.sella.f24.service.F24OCRService  - Section1 Result data:

[http-nio-6000-exec-3] INFO  it.sella.f24.service.F24OCRService  - CodiceFiscale:	BRBLRS47R30E512B

[http-nio-6000-exec-3] INFO  it.sella.f24.service.F24OCRService  - Cognome:	BARBIERI

[http-nio-6000-exec-3] INFO  it.sella.f24.service.F24OCRService  - Nome:	LORIS

[http-nio-6000-exec-3] INFO  it.sella.f24.service.F24OCRService  - DataDiNascita:	1947-10-30

[http-nio-6000-exec-3] INFO  it.sella.f24.service.F24OCRService  - Sesso:	F

[http-nio-6000-exec-3] INFO  it.sella.f24.service.F24OCRService  - Comune:	LEGNAGO

[http-nio-6000-exec-3] INFO  it.sella.f24.service.F24OCRService  - Prov:	

[http-nio-6000-exec-3] INFO  it.sella.f24.controller.F24Controller  - Image path:  /home/bsindia/Documents/images/20181023_190125.jpg
[http-nio-6000-exec-3] INFO  it.sella.f24.service.F24OCRService  - MOTIVO DEL PAGAMENTO                EL 3944 H 5 3 3 0303 2018 43*00 ER  3918 D 600 0202 2018 43*00   IIIIIII SALDO FINALE EURO 86*00
[http-nio-6000-exec-3] INFO  it.sella.f24.service.F24OCRService  - Section2 Result data:

[http-nio-6000-exec-3] INFO  it.sella.f24.service.F24OCRService  - Seizone:	EL;ER;

[http-nio-6000-exec-3] INFO  it.sella.f24.service.F24OCRService  - tributo:	3944;3918;

[http-nio-6000-exec-3] INFO  it.sella.f24.service.F24OCRService  - Codice:	D600;

[http-nio-6000-exec-3] INFO  it.sella.f24.service.F24OCRService  - Mese:	0303;0202;

[http-nio-6000-exec-3] INFO  it.sella.f24.service.F24OCRService  - Anno:	2018;2018;

[http-nio-6000-exec-3] INFO  it.sella.f24.service.F24OCRService  - Dobito:	43.00;43.00;

[http-nio-6000-exec-3] INFO  it.sella.f24.service.F24OCRService  - Euro:	86.00

[http-nio-6000-exec-3] INFO  it.sella.f24.service.F24OCRService  - Section1 Result data:

[http-nio-6000-exec-3] INFO  it.sella.f24.service.F24OCRService  - CodiceFiscale:	BRBLRS47R30E512B

[http-nio-6000-exec-3] INFO  it.sella.f24.service.F24OCRService  - Cognome:	BARBIERI

[http-nio-6000-exec-3] INFO  it.sella.f24.service.F24OCRService  - Nome:	LORIS

[http-nio-6000-exec-3] INFO  it.sella.f24.service.F24OCRService  - DataDiNascita:	1947-10-30

[http-nio-6000-exec-3] INFO  it.sella.f24.service.F24OCRService  - Sesso:	F

[http-nio-6000-exec-3] INFO  it.sella.f24.service.F24OCRService  - Comune:	LEGNAGO

[http-nio-6000-exec-3] INFO  it.sella.f24.service.F24OCRService  - Prov:	

[http-nio-6000-exec-3] INFO  it.sella.f24.controller.F24Controller  - Image path:  /home/bsindia/Documents/images/20181023_190240.jpg
[http-nio-6000-exec-3] INFO  it.sella.f24.service.F24OCRService  - MOTIVO DEL PAGAMENTO           EL 3944 H 5 3 3 1 0303 2018 43*00 ER 3918 D 6 0 0 2 0202 2018 43*00     III SALDO FINALE EURO ) 86*00
[http-nio-6000-exec-3] INFO  it.sella.f24.service.F24OCRService  - Section2 Result data:

[http-nio-6000-exec-3] INFO  it.sella.f24.service.F24OCRService  - Seizone:	EL;ER;

[http-nio-6000-exec-3] INFO  it.sella.f24.service.F24OCRService  - tributo:	3944;3918;

[http-nio-6000-exec-3] INFO  it.sella.f24.service.F24OCRService  - Codice:	H533;

[http-nio-6000-exec-3] INFO  it.sella.f24.service.F24OCRService  - Mese:	0303;2;0202;

[http-nio-6000-exec-3] INFO  it.sella.f24.service.F24OCRService  - Anno:	2018;

[http-nio-6000-exec-3] INFO  it.sella.f24.service.F24OCRService  - Dobito:	43.00;2018;43.00;

[http-nio-6000-exec-3] INFO  it.sella.f24.service.F24OCRService  - Euro:	86.00

[http-nio-6000-exec-3] INFO  it.sella.f24.service.F24OCRService  - Section1 Result data:

[http-nio-6000-exec-3] INFO  it.sella.f24.service.F24OCRService  - CodiceFiscale:	BRBLRS47R30E512B

[http-nio-6000-exec-3] INFO  it.sella.f24.service.F24OCRService  - Cognome:	BARBIERI

[http-nio-6000-exec-3] INFO  it.sella.f24.service.F24OCRService  - Nome:	LORIS

[http-nio-6000-exec-3] INFO  it.sella.f24.service.F24OCRService  - DataDiNascita:	1947-10-30

[http-nio-6000-exec-3] INFO  it.sella.f24.service.F24OCRService  - Sesso:	F

[http-nio-6000-exec-3] INFO  it.sella.f24.service.F24OCRService  - Comune:	LEGNAGO

[http-nio-6000-exec-3] INFO  it.sella.f24.service.F24OCRService  - Prov:	VR

[http-nio-6000-exec-3] INFO  it.sella.f24.controller.F24Controller  - Image path:  /home/bsindia/Documents/images/20181023_190327.jpg
[http-nio-6000-exec-3] INFO  it.sella.f24.service.F24OCRService  - MOTIVO DEL PAGAMENTO              EL 3944 H 5 3 3 0303 2018 43*00 ER  3918 D600 0202 2018 43*00 *     SALDO EURO 86*00 FINALE
[http-nio-6000-exec-3] INFO  it.sella.f24.service.F24OCRService  - Section2 Result data:

[http-nio-6000-exec-3] INFO  it.sella.f24.service.F24OCRService  - Seizone:	EL;ER;

[http-nio-6000-exec-3] INFO  it.sella.f24.service.F24OCRService  - tributo:	3944;3918;

[http-nio-6000-exec-3] INFO  it.sella.f24.service.F24OCRService  - Codice:	D600;

[http-nio-6000-exec-3] INFO  it.sella.f24.service.F24OCRService  - Mese:	0303;0202;

[http-nio-6000-exec-3] INFO  it.sella.f24.service.F24OCRService  - Anno:	2018;2018;

[http-nio-6000-exec-3] INFO  it.sella.f24.service.F24OCRService  - Dobito:	43.00;43.00;

[http-nio-6000-exec-3] INFO  it.sella.f24.service.F24OCRService  - Euro:	86.00

[http-nio-6000-exec-3] INFO  it.sella.f24.service.F24OCRService  - Section1 Result data:

[http-nio-6000-exec-3] INFO  it.sella.f24.service.F24OCRService  - CodiceFiscale:	BRBLRS47R30E512B

[http-nio-6000-exec-3] INFO  it.sella.f24.service.F24OCRService  - Cognome:	BARBIERI

[http-nio-6000-exec-3] INFO  it.sella.f24.service.F24OCRService  - Nome:	LORIS

[http-nio-6000-exec-3] INFO  it.sella.f24.service.F24OCRService  - DataDiNascita:	1947-10-30

[http-nio-6000-exec-3] INFO  it.sella.f24.service.F24OCRService  - Sesso:	F

[http-nio-6000-exec-3] INFO  it.sella.f24.service.F24OCRService  - Comune:	LEGNAGO

[http-nio-6000-exec-3] INFO  it.sella.f24.service.F24OCRService  - Prov:	VR

[http-nio-6000-exec-3] INFO  it.sella.f24.controller.F24Controller  - Image path:  /home/bsindia/Documents/images/20181023_190419.jpg
[http-nio-6000-exec-3] INFO  it.sella.f24.service.F24OCRService  - MOTIVO DEL PAGAMENTO               EL 3944 H 5 3 3 0303 2018 43*00 ER 3918 D600 0202 2018 43*00       SALDO FINALE EURO 86*00
[http-nio-6000-exec-3] INFO  it.sella.f24.service.F24OCRService  - Section2 Result data:

[http-nio-6000-exec-3] INFO  it.sella.f24.service.F24OCRService  - Seizone:	EL;ER;

[http-nio-6000-exec-3] INFO  it.sella.f24.service.F24OCRService  - tributo:	3944;3918;

[http-nio-6000-exec-3] INFO  it.sella.f24.service.F24OCRService  - Codice:	D600;

[http-nio-6000-exec-3] INFO  it.sella.f24.service.F24OCRService  - Mese:	0303;0202;

[http-nio-6000-exec-3] INFO  it.sella.f24.service.F24OCRService  - Anno:	2018;2018;

[http-nio-6000-exec-3] INFO  it.sella.f24.service.F24OCRService  - Dobito:	43.00;43.00;

[http-nio-6000-exec-3] INFO  it.sella.f24.service.F24OCRService  - Euro:	86.00

[http-nio-6000-exec-3] INFO  it.sella.f24.service.F24OCRService  - Section1 Result data:

[http-nio-6000-exec-3] INFO  it.sella.f24.service.F24OCRService  - CodiceFiscale:	BRBLRS47R30E512B

[http-nio-6000-exec-3] INFO  it.sella.f24.service.F24OCRService  - Cognome:	BARBIERI

[http-nio-6000-exec-3] INFO  it.sella.f24.service.F24OCRService  - Nome:	LORIS

[http-nio-6000-exec-3] INFO  it.sella.f24.service.F24OCRService  - DataDiNascita:	1947-10-30

[http-nio-6000-exec-3] INFO  it.sella.f24.service.F24OCRService  - Sesso:	F

[http-nio-6000-exec-3] INFO  it.sella.f24.service.F24OCRService  - Comune:	LEGNAGO

[http-nio-6000-exec-3] INFO  it.sella.f24.service.F24OCRService  - Prov:	VR

[http-nio-6000-exec-3] INFO  it.sella.f24.controller.F24Controller  - Image path:  /home/bsindia/Documents/images/20181023_190620.jpg
[http-nio-6000-exec-3] INFO  it.sella.f24.service.F24OCRService  - MOTIVO DEL PAGAMENTO             EL 3944 H 5 3 3 0303 2018 43*00 ER 3918 D600 0202 2018 43*00 PON     IIIIII 8 EURO 86*00
[http-nio-6000-exec-3] INFO  it.sella.f24.service.F24OCRService  - Section2 Result data:

[http-nio-6000-exec-3] INFO  it.sella.f24.service.F24OCRService  - Seizone:	EL;ER;

[http-nio-6000-exec-3] INFO  it.sella.f24.service.F24OCRService  - tributo:	3944;3918;

[http-nio-6000-exec-3] INFO  it.sella.f24.service.F24OCRService  - Codice:	D600;

[http-nio-6000-exec-3] INFO  it.sella.f24.service.F24OCRService  - Mese:	0303;0202;

[http-nio-6000-exec-3] INFO  it.sella.f24.service.F24OCRService  - Anno:	2018;2018;

[http-nio-6000-exec-3] INFO  it.sella.f24.service.F24OCRService  - Dobito:	43.00;43.00;

[http-nio-6000-exec-3] INFO  it.sella.f24.service.F24OCRService  - Euro:	86.00

[http-nio-6000-exec-3] INFO  it.sella.f24.service.F24OCRService  - Section1 Result data:

[http-nio-6000-exec-3] INFO  it.sella.f24.service.F24OCRService  - CodiceFiscale:	BRBLRS47R30E512B

[http-nio-6000-exec-3] INFO  it.sella.f24.service.F24OCRService  - Cognome:	BARBIERI

[http-nio-6000-exec-3] INFO  it.sella.f24.service.F24OCRService  - Nome:	LORIS

[http-nio-6000-exec-3] INFO  it.sella.f24.service.F24OCRService  - DataDiNascita:	1947-10-30

[http-nio-6000-exec-3] INFO  it.sella.f24.service.F24OCRService  - Sesso:	F

[http-nio-6000-exec-3] INFO  it.sella.f24.service.F24OCRService  - Comune:	LEGNAGO

[http-nio-6000-exec-3] INFO  it.sella.f24.service.F24OCRService  - Prov:	VR

[http-nio-6000-exec-3] INFO  it.sella.f24.controller.F24Controller  - Image path:  /home/bsindia/Documents/images/20181023_190726.jpg
[http-nio-6000-exec-3] INFO  it.sella.f24.service.F24OCRService  - MOTIVO DEL PAGAMENTO         EL 3944 H 5 3 3 0303 2018 43*00 ER 3918 D600 0202 2018 43*00  SADO SINATE EURO 86*00
[http-nio-6000-exec-3] INFO  it.sella.f24.service.F24OCRService  - Section2 Result data:

[http-nio-6000-exec-3] INFO  it.sella.f24.service.F24OCRService  - Seizone:	EL;ER;

[http-nio-6000-exec-3] INFO  it.sella.f24.service.F24OCRService  - tributo:	3944;3918;

[http-nio-6000-exec-3] INFO  it.sella.f24.service.F24OCRService  - Codice:	D600;

[http-nio-6000-exec-3] INFO  it.sella.f24.service.F24OCRService  - Mese:	0303;0202;

[http-nio-6000-exec-3] INFO  it.sella.f24.service.F24OCRService  - Anno:	2018;2018;

[http-nio-6000-exec-3] INFO  it.sella.f24.service.F24OCRService  - Dobito:	43.00;43.00;

[http-nio-6000-exec-3] INFO  it.sella.f24.service.F24OCRService  - Euro:	86.00

[http-nio-6000-exec-3] INFO  it.sella.f24.service.F24OCRService  - Section1 Result data:

[http-nio-6000-exec-3] INFO  it.sella.f24.service.F24OCRService  - CodiceFiscale:	BRBLRS47R30E512B

[http-nio-6000-exec-3] INFO  it.sella.f24.service.F24OCRService  - Cognome:	BARBIERI

[http-nio-6000-exec-3] INFO  it.sella.f24.service.F24OCRService  - Nome:	LORIS

[http-nio-6000-exec-3] INFO  it.sella.f24.service.F24OCRService  - DataDiNascita:	1947-10-30

[http-nio-6000-exec-3] INFO  it.sella.f24.service.F24OCRService  - Sesso:	F

[http-nio-6000-exec-3] INFO  it.sella.f24.service.F24OCRService  - Comune:	LEGNAGO

[http-nio-6000-exec-3] INFO  it.sella.f24.service.F24OCRService  - Prov:	VR

[http-nio-6000-exec-3] INFO  it.sella.f24.controller.F24Controller  - Image path:  /home/bsindia/Documents/images/20181023_190816.jpg
[http-nio-6000-exec-3] INFO  it.sella.f24.service.F24OCRService  - MOTIVO DEL PAGAMENTO         EL3944 H 5 3 3 10303 2018 43*00 ER  3918 D600 0202 2018 43*00     FINALE EURO - 86*00
[http-nio-6000-exec-3] INFO  it.sella.f24.service.F24OCRService  - Section2 Result data:

[http-nio-6000-exec-3] INFO  it.sella.f24.service.F24OCRService  - Seizone:	ER;

[http-nio-6000-exec-3] INFO  it.sella.f24.service.F24OCRService  - tributo:	3918;

[http-nio-6000-exec-3] INFO  it.sella.f24.service.F24OCRService  - Codice:	D600;

[http-nio-6000-exec-3] INFO  it.sella.f24.service.F24OCRService  - Mese:	10303;0202;

[http-nio-6000-exec-3] INFO  it.sella.f24.service.F24OCRService  - Anno:	2018;2018;

[http-nio-6000-exec-3] INFO  it.sella.f24.service.F24OCRService  - Dobito:	43.00;43.00;

[http-nio-6000-exec-3] INFO  it.sella.f24.service.F24OCRService  - Euro:	86.00

[http-nio-6000-exec-3] INFO  it.sella.f24.service.F24OCRService  - Section1 Result data:

[http-nio-6000-exec-3] INFO  it.sella.f24.service.F24OCRService  - CodiceFiscale:	BRBLRS47R30E512B

[http-nio-6000-exec-3] INFO  it.sella.f24.service.F24OCRService  - Cognome:	BARBIERI

[http-nio-6000-exec-3] INFO  it.sella.f24.service.F24OCRService  - Nome:	LORIS

[http-nio-6000-exec-3] INFO  it.sella.f24.service.F24OCRService  - DataDiNascita:	1947-10-30

[http-nio-6000-exec-3] INFO  it.sella.f24.service.F24OCRService  - Sesso:	F

[http-nio-6000-exec-3] INFO  it.sella.f24.service.F24OCRService  - Comune:	LEGNAGO

[http-nio-6000-exec-3] INFO  it.sella.f24.service.F24OCRService  - Prov:	

[http-nio-6000-exec-3] INFO  it.sella.f24.controller.F24Controller  - Image path:  /home/bsindia/Documents/images/20181023_194121.jpg
[http-nio-6000-exec-3] INFO  it.sella.f24.service.F24OCRService  - MOTIVO DEL PAGAMENTO       TASTE     EL 3944 H 5 3 3 0303 2018 43*00 ER 3918 D600 0202 2018 43*00    SALDO FINALE EURO 86*00
[http-nio-6000-exec-3] INFO  it.sella.f24.service.F24OCRService  - Section2 Result data:

[http-nio-6000-exec-3] INFO  it.sella.f24.service.F24OCRService  - Seizone:	EL;ER;

[http-nio-6000-exec-3] INFO  it.sella.f24.service.F24OCRService  - tributo:	3944;3918;

[http-nio-6000-exec-3] INFO  it.sella.f24.service.F24OCRService  - Codice:	D600;

[http-nio-6000-exec-3] INFO  it.sella.f24.service.F24OCRService  - Mese:	0303;0202;

[http-nio-6000-exec-3] INFO  it.sella.f24.service.F24OCRService  - Anno:	2018;2018;

[http-nio-6000-exec-3] INFO  it.sella.f24.service.F24OCRService  - Dobito:	43.00;43.00;

[http-nio-6000-exec-3] INFO  it.sella.f24.service.F24OCRService  - Euro:	86.00

[http-nio-6000-exec-3] INFO  it.sella.f24.service.F24OCRService  - Section1 Result data:

[http-nio-6000-exec-3] INFO  it.sella.f24.service.F24OCRService  - CodiceFiscale:	BRBLRS47R30E512B

[http-nio-6000-exec-3] INFO  it.sella.f24.service.F24OCRService  - Cognome:	BARBIERI

[http-nio-6000-exec-3] INFO  it.sella.f24.service.F24OCRService  - Nome:	LORIS

[http-nio-6000-exec-3] INFO  it.sella.f24.service.F24OCRService  - DataDiNascita:	1947-10-30

[http-nio-6000-exec-3] INFO  it.sella.f24.service.F24OCRService  - Sesso:	F

[http-nio-6000-exec-3] INFO  it.sella.f24.service.F24OCRService  - Comune:	LEGNAGO

[http-nio-6000-exec-3] INFO  it.sella.f24.service.F24OCRService  - Prov:	VR

[http-nio-6000-exec-3] INFO  it.sella.f24.controller.F24Controller  - Image path:  /home/bsindia/Documents/images/20181023_194315.jpg
[http-nio-6000-exec-3] INFO  it.sella.f24.service.F24OCRService  - MOTIVO DEL PAGAMENTO                EL 3944 H 5 3 3 0303 2018 43*00 ER 3918 D6 0 0 0202 2018 43*00      SALDO FINALE EUROI 86*00
[http-nio-6000-exec-3] INFO  it.sella.f24.service.F24OCRService  - Section2 Result data:

[http-nio-6000-exec-3] INFO  it.sella.f24.service.F24OCRService  - Seizone:	EL;ER;

[http-nio-6000-exec-3] INFO  it.sella.f24.service.F24OCRService  - tributo:	3944;3918;

[http-nio-6000-exec-3] INFO  it.sella.f24.service.F24OCRService  - Codice:	

[http-nio-6000-exec-3] INFO  it.sella.f24.service.F24OCRService  - Mese:	0303;0202;

[http-nio-6000-exec-3] INFO  it.sella.f24.service.F24OCRService  - Anno:	2018;2018;

[http-nio-6000-exec-3] INFO  it.sella.f24.service.F24OCRService  - Dobito:	43.00;43.00;

[http-nio-6000-exec-3] INFO  it.sella.f24.service.F24OCRService  - Euro:	86.00

[http-nio-6000-exec-3] INFO  it.sella.f24.service.F24OCRService  - Section1 Result data:

[http-nio-6000-exec-3] INFO  it.sella.f24.service.F24OCRService  - CodiceFiscale:	BRBLRS47R30E512B

[http-nio-6000-exec-3] INFO  it.sella.f24.service.F24OCRService  - Cognome:	BARBIERI

[http-nio-6000-exec-3] INFO  it.sella.f24.service.F24OCRService  - Nome:	LORIS

[http-nio-6000-exec-3] INFO  it.sella.f24.service.F24OCRService  - DataDiNascita:	1947-10-30

[http-nio-6000-exec-3] INFO  it.sella.f24.service.F24OCRService  - Sesso:	F

[http-nio-6000-exec-3] INFO  it.sella.f24.service.F24OCRService  - Comune:	LEGNAGO

[http-nio-6000-exec-3] INFO  it.sella.f24.service.F24OCRService  - Prov:	VR

[http-nio-6000-exec-3] INFO  it.sella.f24.controller.F24Controller  - Image path:  /home/bsindia/Documents/images/20181023_194527.jpg
[http-nio-6000-exec-3] INFO  it.sella.f24.service.F24OCRService  - MOTIVO DEL PAGAMENTO  /                EL 3944 H 5 3 3 0303 2018 43*00 ER 3918 D 600 0202 2018 43*00  TAG   III III EURO 1 86*00 SALDO FINALE
[http-nio-6000-exec-3] INFO  it.sella.f24.service.F24OCRService  - Section2 Result data:

[http-nio-6000-exec-3] INFO  it.sella.f24.service.F24OCRService  - Seizone:	EL;ER;

[http-nio-6000-exec-3] INFO  it.sella.f24.service.F24OCRService  - tributo:	3944;3918;

[http-nio-6000-exec-3] INFO  it.sella.f24.service.F24OCRService  - Codice:	D600;

[http-nio-6000-exec-3] INFO  it.sella.f24.service.F24OCRService  - Mese:	0303;0202;

[http-nio-6000-exec-3] INFO  it.sella.f24.service.F24OCRService  - Anno:	2018;2018;

[http-nio-6000-exec-3] INFO  it.sella.f24.service.F24OCRService  - Dobito:	43.00;43.00;

[http-nio-6000-exec-3] INFO  it.sella.f24.service.F24OCRService  - Euro:	186.00

[http-nio-6000-exec-3] INFO  it.sella.f24.service.F24OCRService  - Section1 Result data:

[http-nio-6000-exec-3] INFO  it.sella.f24.service.F24OCRService  - CodiceFiscale:	BRBLRS47R30E512B

[http-nio-6000-exec-3] INFO  it.sella.f24.service.F24OCRService  - Cognome:	BARBIERI

[http-nio-6000-exec-3] INFO  it.sella.f24.service.F24OCRService  - Nome:	LORIS

[http-nio-6000-exec-3] INFO  it.sella.f24.service.F24OCRService  - DataDiNascita:	1947-10-30

[http-nio-6000-exec-3] INFO  it.sella.f24.service.F24OCRService  - Sesso:	FF

[http-nio-6000-exec-3] INFO  it.sella.f24.service.F24OCRService  - Comune:	LEGNAGO

[http-nio-6000-exec-3] INFO  it.sella.f24.service.F24OCRService  - Prov:	VR

[http-nio-6000-exec-3] INFO  it.sella.f24.controller.F24Controller  - Image path:  /home/bsindia/Documents/images/20181023_194614.jpg
[http-nio-6000-exec-3] INFO  it.sella.f24.service.F24OCRService  - MOTIVO DEL PAGAMENTO    EL 3944 H 3 3 3 1 0303 2018 43*00 ER 3918 D600 0202 2018 43*00 EURO 86*00
[http-nio-6000-exec-3] INFO  it.sella.f24.service.F24OCRService  - Section2 Result data:

[http-nio-6000-exec-3] INFO  it.sella.f24.service.F24OCRService  - Seizone:	EL;ER;

[http-nio-6000-exec-3] INFO  it.sella.f24.service.F24OCRService  - tributo:	3944;3918;

[http-nio-6000-exec-3] INFO  it.sella.f24.service.F24OCRService  - Codice:	H333;D600;

[http-nio-6000-exec-3] INFO  it.sella.f24.service.F24OCRService  - Mese:	0303;0202;

[http-nio-6000-exec-3] INFO  it.sella.f24.service.F24OCRService  - Anno:	2018;2018;

[http-nio-6000-exec-3] INFO  it.sella.f24.service.F24OCRService  - Dobito:	43.00;43.00;

[http-nio-6000-exec-3] INFO  it.sella.f24.service.F24OCRService  - Euro:	86.00

[http-nio-6000-exec-3] INFO  it.sella.f24.service.F24OCRService  - Section1 Result data:

[http-nio-6000-exec-3] INFO  it.sella.f24.service.F24OCRService  - CodiceFiscale:	BRBLRS47R30E512B

[http-nio-6000-exec-3] INFO  it.sella.f24.service.F24OCRService  - Cognome:	BARBIERI

[http-nio-6000-exec-3] INFO  it.sella.f24.service.F24OCRService  - Nome:	LORIS

[http-nio-6000-exec-3] INFO  it.sella.f24.service.F24OCRService  - DataDiNascita:	1947-10-30

[http-nio-6000-exec-3] INFO  it.sella.f24.service.F24OCRService  - Sesso:	F

[http-nio-6000-exec-3] INFO  it.sella.f24.service.F24OCRService  - Comune:	LEGNAGO

[http-nio-6000-exec-3] INFO  it.sella.f24.service.F24OCRService  - Prov:	VR

[http-nio-6000-exec-3] INFO  it.sella.f24.controller.F24Controller  - Image path:  /home/bsindia/Documents/images/20181024_113942.jpg
[http-nio-6000-exec-3] INFO  it.sella.f24.service.F24OCRService  - MOTIVO DEL PAGAMENTO                    EL 3944 H 5 3 3 0303 2018 43*00 ER 3918 D600 0202 2018 43*00  1  III SALDO FINALE EURO 86*00
[http-nio-6000-exec-3] INFO  it.sella.f24.service.F24OCRService  - Section2 Result data:

[http-nio-6000-exec-3] INFO  it.sella.f24.service.F24OCRService  - Seizone:	EL;ER;

[http-nio-6000-exec-3] INFO  it.sella.f24.service.F24OCRService  - tributo:	3944;3918;

[http-nio-6000-exec-3] INFO  it.sella.f24.service.F24OCRService  - Codice:	D600;

[http-nio-6000-exec-3] INFO  it.sella.f24.service.F24OCRService  - Mese:	0303;0202;

[http-nio-6000-exec-3] INFO  it.sella.f24.service.F24OCRService  - Anno:	2018;2018;

[http-nio-6000-exec-3] INFO  it.sella.f24.service.F24OCRService  - Dobito:	43.00;43.00;

[http-nio-6000-exec-3] INFO  it.sella.f24.service.F24OCRService  - Euro:	86.00

[http-nio-6000-exec-3] INFO  it.sella.f24.service.F24OCRService  - Section1 Result data:

[http-nio-6000-exec-3] INFO  it.sella.f24.service.F24OCRService  - CodiceFiscale:	BRBLRS47R30E512B

[http-nio-6000-exec-3] INFO  it.sella.f24.service.F24OCRService  - Cognome:	BARBIERI

[http-nio-6000-exec-3] INFO  it.sella.f24.service.F24OCRService  - Nome:	LORIS

[http-nio-6000-exec-3] INFO  it.sella.f24.service.F24OCRService  - DataDiNascita:	1947-10-30

[http-nio-6000-exec-3] INFO  it.sella.f24.service.F24OCRService  - Sesso:	F

[http-nio-6000-exec-3] INFO  it.sella.f24.service.F24OCRService  - Comune:	LEGNAGO

[http-nio-6000-exec-3] INFO  it.sella.f24.service.F24OCRService  - Prov:	VR

[http-nio-6000-exec-3] INFO  it.sella.f24.controller.F24Controller  - Image path:  /home/bsindia/Documents/images/20181024_115234.jpg
[http-nio-6000-exec-3] INFO  it.sella.f24.service.F24OCRService  - MOTIVO DEL PAGAMENTO              EL 3944 H 5 3 3 0303 2018 43*00 ER 3918 D600 0202 2018 43*00      LIIIII SALDO FINALE EURO 86*00
[http-nio-6000-exec-3] INFO  it.sella.f24.service.F24OCRService  - Section2 Result data:

[http-nio-6000-exec-3] INFO  it.sella.f24.service.F24OCRService  - Seizone:	EL;ER;

[http-nio-6000-exec-3] INFO  it.sella.f24.service.F24OCRService  - tributo:	3944;3918;

[http-nio-6000-exec-3] INFO  it.sella.f24.service.F24OCRService  - Codice:	D600;

[http-nio-6000-exec-3] INFO  it.sella.f24.service.F24OCRService  - Mese:	0303;0202;

[http-nio-6000-exec-3] INFO  it.sella.f24.service.F24OCRService  - Anno:	2018;2018;

[http-nio-6000-exec-3] INFO  it.sella.f24.service.F24OCRService  - Dobito:	43.00;43.00;

[http-nio-6000-exec-3] INFO  it.sella.f24.service.F24OCRService  - Euro:	86.00

[http-nio-6000-exec-3] INFO  it.sella.f24.service.F24OCRService  - Section1 Result data:

[http-nio-6000-exec-3] INFO  it.sella.f24.service.F24OCRService  - CodiceFiscale:	BRBLRS47R30E512B

[http-nio-6000-exec-3] INFO  it.sella.f24.service.F24OCRService  - Cognome:	BARBIERI

[http-nio-6000-exec-3] INFO  it.sella.f24.service.F24OCRService  - Nome:	LORIS

[http-nio-6000-exec-3] INFO  it.sella.f24.service.F24OCRService  - DataDiNascita:	1947-10-30

[http-nio-6000-exec-3] INFO  it.sella.f24.service.F24OCRService  - Sesso:	F

[http-nio-6000-exec-3] INFO  it.sella.f24.service.F24OCRService  - Comune:	LEGNAGO

[http-nio-6000-exec-3] INFO  it.sella.f24.service.F24OCRService  - Prov:	VR

[http-nio-6000-exec-3] INFO  it.sella.f24.controller.F24Controller  - Image path:  /home/bsindia/Documents/images/20181024_122054.jpg
[http-nio-6000-exec-3] INFO  it.sella.f24.service.F24OCRService  - MOTIVO DEL PAGAMENTO         ACC            EL 3918 D 600 1 0101 2018 243*00 ER 3918 D 600 0101 2018 243*00  !        2 COPIA PER IL SOGGETTO CHE EFFETTUA IL VERSAMENTO LLLLLLLL EURO - 486*00 SALDO FINALE ESTREMI DEL VERSAMENTO DA COMPILARE A CURA DI BANCA / POSTE AGENTE DELLA RISCOSSIO    /    ABI  /   /   CAB
[http-nio-6000-exec-3] INFO  it.sella.f24.service.F24OCRService  - Section2 Result data:

[http-nio-6000-exec-3] INFO  it.sella.f24.service.F24OCRService  - Seizone:	EL;ER;

[http-nio-6000-exec-3] INFO  it.sella.f24.service.F24OCRService  - tributo:	3918;3918;

[http-nio-6000-exec-3] INFO  it.sella.f24.service.F24OCRService  - Codice:	D600;D600;

[http-nio-6000-exec-3] INFO  it.sella.f24.service.F24OCRService  - Mese:	0101;0101;

[http-nio-6000-exec-3] INFO  it.sella.f24.service.F24OCRService  - Anno:	2018;2018;

[http-nio-6000-exec-3] INFO  it.sella.f24.service.F24OCRService  - Dobito:	243.00;243.00;

[http-nio-6000-exec-3] INFO  it.sella.f24.service.F24OCRService  - Euro:	486.00

[http-nio-6000-exec-3] INFO  it.sella.f24.service.F24OCRService  - Section1 Result data:

[http-nio-6000-exec-3] INFO  it.sella.f24.service.F24OCRService  - CodiceFiscale:	GRZLRT23H06A859W

[http-nio-6000-exec-3] INFO  it.sella.f24.service.F24OCRService  - Cognome:	GARIAZZO

[http-nio-6000-exec-3] INFO  it.sella.f24.service.F24OCRService  - Nome:	ALBERTO

[http-nio-6000-exec-3] INFO  it.sella.f24.service.F24OCRService  - DataDiNascita:	1923-06-06

[http-nio-6000-exec-3] INFO  it.sella.f24.service.F24OCRService  - Sesso:	M

[http-nio-6000-exec-3] INFO  it.sella.f24.service.F24OCRService  - Comune:	BIELLA

[http-nio-6000-exec-3] INFO  it.sella.f24.service.F24OCRService  - Prov:	BI

[http-nio-6000-exec-3] INFO  it.sella.f24.controller.F24Controller  - Image path:  /home/bsindia/Documents/images/20181024_122924.jpg
